<?xml version="1.0" encoding="UTF-8"?>
<testng-results ignored="0" total="1" passed="1" failed="0" skipped="0">
  <reporter-output>
  </reporter-output>
  <suite started-at="2021-07-10T12:58:57 EDT" name="Default suite" finished-at="2021-07-10T12:59:11 EDT" duration-ms="14591">
    <groups>
    </groups>
    <test started-at="2021-07-10T12:58:57 EDT" name="Default test" finished-at="2021-07-10T12:59:11 EDT" duration-ms="14591">
      <class name="com.smoke.TestRunAutomation">
        <test-method is-config="true" signature="setUp()[pri:0, instance:com.smoke.TestRunAutomation@5ace1ed4]" started-at="2021-07-10T12:58:57 EDT" name="setUp" finished-at="2021-07-10T12:59:01 EDT" duration-ms="4305" status="PASS">
          <reporter-output>
          </reporter-output>
        </test-method> <!-- setUp -->
        <test-method signature="loginTest()[pri:0, instance:com.smoke.TestRunAutomation@5ace1ed4]" started-at="2021-07-10T12:59:01 EDT" name="loginTest" finished-at="2021-07-10T12:59:10 EDT" duration-ms="9225" status="PASS">
          <reporter-output>
          </reporter-output>
        </test-method> <!-- loginTest -->
        <test-method is-config="true" signature="teardown()[pri:0, instance:com.smoke.TestRunAutomation@5ace1ed4]" started-at="2021-07-10T12:59:10 EDT" name="teardown" finished-at="2021-07-10T12:59:11 EDT" duration-ms="931" status="PASS">
          <reporter-output>
          </reporter-output>
        </test-method> <!-- teardown -->
      </class> <!-- com.smoke.TestRunAutomation -->
    </test> <!-- Default test -->
  </suite> <!-- Default suite -->
</testng-results>
